# JRE version: OpenJDK Runtime Environment (8.0_152-b01) (build 1.8.0_152-release-915-b01)
# Java VM: OpenJDK 64-Bit Server VM (25.152-b01 mixed mode windows-amd64 compressed oops)
Heap:
 PSYoungGen      total 111616K, used 58898K [0x00000000e0000000, 0x00000000ea880000, 0x0000000100000000)
  eden space 100864K, 58% used [0x00000000e0000000,0x00000000e3984818,0x00000000e6280000)
  from space 10752K, 0% used [0x00000000e6280000,0x00000000e6280000,0x00000000e6d00000)
  to   space 11776K, 0% used [0x00000000e9d00000,0x00000000e9d00000,0x00000000ea880000)
 ParOldGen       total 94208K, used 15727K [0x00000000a0000000, 0x00000000a5c00000, 0x00000000e0000000)
  object space 94208K, 16% used [0x00000000a0000000,0x00000000a0f5bea0,0x00000000a5c00000)
 Metaspace       used 38163K, capacity 38842K, committed 39128K, reserved 1083392K
  class space    used 5110K, capacity 5359K, committed 5376K, reserved 1048576K
GC Heap History (10 events):
Event: 3.436 GC heap before
{Heap before GC invocations=5 (full 1):
 PSYoungGen      total 71680K, used 5088K [0x00000000e0000000, 0x00000000e4b00000, 0x0000000100000000)
  eden space 66560K, 0% used [0x00000000e0000000,0x00000000e0000000,0x00000000e4100000)
  from space 5120K, 99% used [0x00000000e4600000,0x00000000e4af8030,0x00000000e4b00000)
  to   space 5120K, 0% used [0x00000000e4100000,0x00000000e4100000,0x00000000e4600000)
 ParOldGen       total 87552K, used 7688K [0x00000000a0000000, 0x00000000a5580000, 0x00000000e0000000)
  object space 87552K, 8% used [0x00000000a0000000,0x00000000a0782380,0x00000000a5580000)
 Metaspace       used 20640K, capacity 21098K, committed 21248K, reserved 1067008K
  class space    used 2848K, capacity 3006K, committed 3072K, reserved 1048576K
Event: 3.476 GC heap after
Heap after GC invocations=5 (full 1):
 PSYoungGen      total 71680K, used 0K [0x00000000e0000000, 0x00000000e4b00000, 0x0000000100000000)
  eden space 66560K, 0% used [0x00000000e0000000,0x00000000e0000000,0x00000000e4100000)
  from space 5120K, 0% used [0x00000000e4600000,0x00000000e4600000,0x00000000e4b00000)
  to   space 5120K, 0% used [0x00000000e4100000,0x00000000e4100000,0x00000000e4600000)
 ParOldGen       total 61440K, used 8542K [0x00000000a0000000, 0x00000000a3c00000, 0x00000000e0000000)
  object space 61440K, 13% used [0x00000000a0000000,0x00000000a0857b78,0x00000000a3c00000)
 Metaspace       used 20640K, capacity 21098K, committed 21248K, reserved 1067008K
  class space    used 2848K, capacity 3006K, committed 3072K, reserved 1048576K
}
Event: 4.594 GC heap before
{Heap before GC invocations=6 (full 1):
 PSYoungGen      total 71680K, used 66560K [0x00000000e0000000, 0x00000000e4b00000, 0x0000000100000000)
  eden space 66560K, 100% used [0x00000000e0000000,0x00000000e4100000,0x00000000e4100000)
  from space 5120K, 0% used [0x00000000e4600000,0x00000000e4600000,0x00000000e4b00000)
  to   space 5120K, 0% used [0x00000000e4100000,0x00000000e4100000,0x00000000e4600000)
 ParOldGen       total 61440K, used 8542K [0x00000000a0000000, 0x00000000a3c00000, 0x00000000e0000000)
  object space 61440K, 13% used [0x00000000a0000000,0x00000000a0857b78,0x00000000a3c00000)
 Metaspace       used 25803K, capacity 26338K, committed 26496K, reserved 1073152K
  class space    used 3521K, capacity 3698K, committed 3712K, reserved 1048576K
Event: 4.602 GC heap after
Heap after GC invocations=6 (full 1):
 PSYoungGen      total 71680K, used 5098K [0x00000000e0000000, 0x00000000e7800000, 0x0000000100000000)
  eden space 66560K, 0% used [0x00000000e0000000,0x00000000e0000000,0x00000000e4100000)
  from space 5120K, 99% used [0x00000000e4100000,0x00000000e45fa958,0x00000000e4600000)
  to   space 10240K, 0% used [0x00000000e6e00000,0x00000000e6e00000,0x00000000e7800000)
 ParOldGen       total 61440K, used 10853K [0x00000000a0000000, 0x00000000a3c00000, 0x00000000e0000000)
  object space 61440K, 17% used [0x00000000a0000000,0x00000000a0a99570,0x00000000a3c00000)
 Metaspace       used 25803K, capacity 26338K, committed 26496K, reserved 1073152K
  class space    used 3521K, capacity 3698K, committed 3712K, reserved 1048576K
}
Event: 6.229 GC heap before
{Heap before GC invocations=7 (full 1):
 PSYoungGen      total 71680K, used 71658K [0x00000000e0000000, 0x00000000e7800000, 0x0000000100000000)
  eden space 66560K, 100% used [0x00000000e0000000,0x00000000e4100000,0x00000000e4100000)
  from space 5120K, 99% used [0x00000000e4100000,0x00000000e45fa958,0x00000000e4600000)
  to   space 10240K, 0% used [0x00000000e6e00000,0x00000000e6e00000,0x00000000e7800000)
 ParOldGen       total 61440K, used 10853K [0x00000000a0000000, 0x00000000a3c00000, 0x00000000e0000000)
  object space 61440K, 17% used [0x00000000a0000000,0x00000000a0a99570,0x00000000a3c00000)
 Metaspace       used 30173K, capacity 30764K, committed 30976K, reserved 1075200K
  class space    used 4112K, capacity 4319K, committed 4352K, reserved 1048576K
Event: 6.242 GC heap after
Heap after GC invocations=7 (full 1):
 PSYoungGen      total 110592K, used 8419K [0x00000000e0000000, 0x00000000e7780000, 0x0000000100000000)
  eden space 100864K, 0% used [0x00000000e0000000,0x00000000e0000000,0x00000000e6280000)
  from space 9728K, 86% used [0x00000000e6e00000,0x00000000e7638d70,0x00000000e7780000)
  to   space 10752K, 0% used [0x00000000e6280000,0x00000000e6280000,0x00000000e6d00000)
 ParOldGen       total 61440K, used 10925K [0x00000000a0000000, 0x00000000a3c00000, 0x00000000e0000000)
  object space 61440K, 17% used [0x00000000a0000000,0x00000000a0aab580,0x00000000a3c00000)
 Metaspace       used 30173K, capacity 30764K, committed 30976K, reserved 1075200K
  class space    used 4112K, capacity 4319K, committed 4352K, reserved 1048576K
}
Event: 7.405 GC heap before
{Heap before GC invocations=8 (full 1):
 PSYoungGen      total 110592K, used 64587K [0x00000000e0000000, 0x00000000e7780000, 0x0000000100000000)
  eden space 100864K, 55% used [0x00000000e0000000,0x00000000e36d9ff0,0x00000000e6280000)
  from space 9728K, 86% used [0x00000000e6e00000,0x00000000e7638d70,0x00000000e7780000)
  to   space 10752K, 0% used [0x00000000e6280000,0x00000000e6280000,0x00000000e6d00000)
 ParOldGen       total 61440K, used 10925K [0x00000000a0000000, 0x00000000a3c00000, 0x00000000e0000000)
  object space 61440K, 17% used [0x00000000a0000000,0x00000000a0aab580,0x00000000a3c00000)
 Metaspace       used 34472K, capacity 35222K, committed 35416K, reserved 1079296K
  class space    used 4683K, capacity 4961K, committed 4992K, reserved 1048576K
Event: 7.412 GC heap after
Heap after GC invocations=8 (full 1):
 PSYoungGen      total 111616K, used 9868K [0x00000000e0000000, 0x00000000ea880000, 0x0000000100000000)
  eden space 100864K, 0% used [0x00000000e0000000,0x00000000e0000000,0x00000000e6280000)
  from space 10752K, 91% used [0x00000000e6280000,0x00000000e6c23170,0x00000000e6d00000)
  to   space 11776K, 0% used [0x00000000e9d00000,0x00000000e9d00000,0x00000000ea880000)
 ParOldGen       total 61440K, used 10933K [0x00000000a0000000, 0x00000000a3c00000, 0x00000000e0000000)
  object space 61440K, 17% used [0x00000000a0000000,0x00000000a0aad580,0x00000000a3c00000)
 Metaspace       used 34472K, capacity 35222K, committed 35416K, reserved 1079296K
  class space    used 4683K, capacity 4961K, committed 4992K, reserved 1048576K
}
Event: 7.412 GC heap before
{Heap before GC invocations=9 (full 2):
 PSYoungGen      total 111616K, used 9868K [0x00000000e0000000, 0x00000000ea880000, 0x0000000100000000)
  eden space 100864K, 0% used [0x00000000e0000000,0x00000000e0000000,0x00000000e6280000)
  from space 10752K, 91% used [0x00000000e6280000,0x00000000e6c23170,0x00000000e6d00000)
  to   space 11776K, 0% used [0x00000000e9d00000,0x00000000e9d00000,0x00000000ea880000)
 ParOldGen       total 61440K, used 10933K [0x00000000a0000000, 0x00000000a3c00000, 0x00000000e0000000)
  object space 61440K, 17% used [0x00000000a0000000,0x00000000a0aad580,0x00000000a3c00000)
 Metaspace       used 34472K, capacity 35222K, committed 35416K, reserved 1079296K
  class space    used 4683K, capacity 4961K, committed 4992K, reserved 1048576K
Event: 7.466 GC heap after
Heap after GC invocations=9 (full 2):
 PSYoungGen      total 111616K, used 0K [0x00000000e0000000, 0x00000000ea880000, 0x0000000100000000)
  eden space 100864K, 0% used [0x00000000e0000000,0x00000000e0000000,0x00000000e6280000)
  from space 10752K, 0% used [0x00000000e6280000,0x00000000e6280000,0x00000000e6d00000)
  to   space 11776K, 0% used [0x00000000e9d00000,0x00000000e9d00000,0x00000000ea880000)
 ParOldGen       total 94208K, used 15727K [0x00000000a0000000, 0x00000000a5c00000, 0x00000000e0000000)
  object space 94208K, 16% used [0x00000000a0000000,0x00000000a0f5bea0,0x00000000a5c00000)
 Metaspace       used 34472K, capacity 35222K, committed 35416K, reserved 1079296K
  class space    used 4683K, capacity 4961K, committed 4992K, reserved 1048576K
}

