# JRE version: OpenJDK Runtime Environment (8.0_152-b01) (build 1.8.0_152-release-915-b01)
# Java VM: OpenJDK 64-Bit Server VM (25.152-b01 mixed mode windows-amd64 compressed oops)
Heap:
 PSYoungGen      total 272896K, used 67492K [0x00000000e0000000, 0x00000000f8380000, 0x0000000100000000)
  eden space 249344K, 17% used [0x00000000e0000000,0x00000000e2aec550,0x00000000ef380000)
  from space 23552K, 99% used [0x00000000ef380000,0x00000000f0a7cb98,0x00000000f0a80000)
  to   space 31232K, 0% used [0x00000000f6500000,0x00000000f6500000,0x00000000f8380000)
 ParOldGen       total 155136K, used 42993K [0x00000000a0000000, 0x00000000a9780000, 0x00000000e0000000)
  object space 155136K, 27% used [0x00000000a0000000,0x00000000a29fc6f0,0x00000000a9780000)
 Metaspace       used 67156K, capacity 69602K, committed 69720K, reserved 1110016K
  class space    used 8708K, capacity 9264K, committed 9344K, reserved 1048576K
GC Heap History (10 events):
Event: 23.976 GC heap before
{Heap before GC invocations=14 (full 3):
 PSYoungGen      total 176640K, used 16950K [0x00000000e0000000, 0x00000000ede00000, 0x0000000100000000)
  eden space 155648K, 0% used [0x00000000e0000000,0x00000000e0000000,0x00000000e9800000)
  from space 20992K, 80% used [0x00000000e9800000,0x00000000ea88d988,0x00000000eac80000)
  to   space 22528K, 0% used [0x00000000ec800000,0x00000000ec800000,0x00000000ede00000)
 ParOldGen       total 102400K, used 30295K [0x00000000a0000000, 0x00000000a6400000, 0x00000000e0000000)
  object space 102400K, 29% used [0x00000000a0000000,0x00000000a1d95d50,0x00000000a6400000)
 Metaspace       used 57040K, capacity 58906K, committed 59028K, reserved 1099776K
  class space    used 7666K, capacity 8116K, committed 8192K, reserved 1048576K
Event: 24.211 GC heap after
Heap after GC invocations=14 (full 3):
 PSYoungGen      total 176640K, used 0K [0x00000000e0000000, 0x00000000ede00000, 0x0000000100000000)
  eden space 155648K, 0% used [0x00000000e0000000,0x00000000e0000000,0x00000000e9800000)
  from space 20992K, 0% used [0x00000000e9800000,0x00000000e9800000,0x00000000eac80000)
  to   space 22528K, 0% used [0x00000000ec800000,0x00000000ec800000,0x00000000ede00000)
 ParOldGen       total 155136K, used 30342K [0x00000000a0000000, 0x00000000a9780000, 0x00000000e0000000)
  object space 155136K, 19% used [0x00000000a0000000,0x00000000a1da18d8,0x00000000a9780000)
 Metaspace       used 57040K, capacity 58906K, committed 59028K, reserved 1099776K
  class space    used 7666K, capacity 8116K, committed 8192K, reserved 1048576K
}
Event: 29.744 GC heap before
{Heap before GC invocations=15 (full 3):
 PSYoungGen      total 176640K, used 155559K [0x00000000e0000000, 0x00000000ede00000, 0x0000000100000000)
  eden space 155648K, 99% used [0x00000000e0000000,0x00000000e97e9d60,0x00000000e9800000)
  from space 20992K, 0% used [0x00000000e9800000,0x00000000e9800000,0x00000000eac80000)
  to   space 22528K, 0% used [0x00000000ec800000,0x00000000ec800000,0x00000000ede00000)
 ParOldGen       total 155136K, used 30342K [0x00000000a0000000, 0x00000000a9780000, 0x00000000e0000000)
  object space 155136K, 19% used [0x00000000a0000000,0x00000000a1da18d8,0x00000000a9780000)
 Metaspace       used 61702K, capacity 63792K, committed 63960K, reserved 1103872K
  class space    used 8152K, capacity 8627K, committed 8704K, reserved 1048576K
Event: 29.766 GC heap after
Heap after GC invocations=15 (full 3):
 PSYoungGen      total 204288K, used 16315K [0x00000000e0000000, 0x00000000edf00000, 0x0000000100000000)
  eden space 181760K, 0% used [0x00000000e0000000,0x00000000e0000000,0x00000000eb180000)
  from space 22528K, 72% used [0x00000000ec800000,0x00000000ed7eee38,0x00000000ede00000)
  to   space 23040K, 0% used [0x00000000eb180000,0x00000000eb180000,0x00000000ec800000)
 ParOldGen       total 155136K, used 30358K [0x00000000a0000000, 0x00000000a9780000, 0x00000000e0000000)
  object space 155136K, 19% used [0x00000000a0000000,0x00000000a1da58d8,0x00000000a9780000)
 Metaspace       used 61702K, capacity 63792K, committed 63960K, reserved 1103872K
  class space    used 8152K, capacity 8627K, committed 8704K, reserved 1048576K
}
Event: 29.862 GC heap before
{Heap before GC invocations=16 (full 3):
 PSYoungGen      total 204288K, used 197409K [0x00000000e0000000, 0x00000000edf00000, 0x0000000100000000)
  eden space 181760K, 99% used [0x00000000e0000000,0x00000000eb0d9978,0x00000000eb180000)
  from space 22528K, 72% used [0x00000000ec800000,0x00000000ed7eee38,0x00000000ede00000)
  to   space 23040K, 0% used [0x00000000eb180000,0x00000000eb180000,0x00000000ec800000)
 ParOldGen       total 155136K, used 30358K [0x00000000a0000000, 0x00000000a9780000, 0x00000000e0000000)
  object space 155136K, 19% used [0x00000000a0000000,0x00000000a1da58d8,0x00000000a9780000)
 Metaspace       used 61813K, capacity 63934K, committed 64216K, reserved 1105920K
  class space    used 8169K, capacity 8670K, committed 8704K, reserved 1048576K
Event: 29.876 GC heap after
Heap after GC invocations=16 (full 3):
 PSYoungGen      total 204800K, used 13525K [0x00000000e0000000, 0x00000000f2680000, 0x0000000100000000)
  eden space 181760K, 0% used [0x00000000e0000000,0x00000000e0000000,0x00000000eb180000)
  from space 23040K, 58% used [0x00000000eb180000,0x00000000ebeb5628,0x00000000ec800000)
  to   space 23040K, 0% used [0x00000000f1000000,0x00000000f1000000,0x00000000f2680000)
 ParOldGen       total 155136K, used 30366K [0x00000000a0000000, 0x00000000a9780000, 0x00000000e0000000)
  object space 155136K, 19% used [0x00000000a0000000,0x00000000a1da78d8,0x00000000a9780000)
 Metaspace       used 61813K, capacity 63934K, committed 64216K, reserved 1105920K
  class space    used 8169K, capacity 8670K, committed 8704K, reserved 1048576K
}
Event: 32.094 GC heap before
{Heap before GC invocations=17 (full 3):
 PSYoungGen      total 204800K, used 195285K [0x00000000e0000000, 0x00000000f2680000, 0x0000000100000000)
  eden space 181760K, 100% used [0x00000000e0000000,0x00000000eb180000,0x00000000eb180000)
  from space 23040K, 58% used [0x00000000eb180000,0x00000000ebeb5628,0x00000000ec800000)
  to   space 23040K, 0% used [0x00000000f1000000,0x00000000f1000000,0x00000000f2680000)
 ParOldGen       total 155136K, used 30366K [0x00000000a0000000, 0x00000000a9780000, 0x00000000e0000000)
  object space 155136K, 19% used [0x00000000a0000000,0x00000000a1da78d8,0x00000000a9780000)
 Metaspace       used 62526K, capacity 64770K, committed 64856K, reserved 1105920K
  class space    used 8272K, capacity 8804K, committed 8832K, reserved 1048576K
Event: 32.105 GC heap after
Heap after GC invocations=17 (full 3):
 PSYoungGen      total 267264K, used 16423K [0x00000000e0000000, 0x00000000f2180000, 0x0000000100000000)
  eden space 249344K, 0% used [0x00000000e0000000,0x00000000e0000000,0x00000000ef380000)
  from space 17920K, 91% used [0x00000000f1000000,0x00000000f2009dd8,0x00000000f2180000)
  to   space 23552K, 0% used [0x00000000ef380000,0x00000000ef380000,0x00000000f0a80000)
 ParOldGen       total 155136K, used 30374K [0x00000000a0000000, 0x00000000a9780000, 0x00000000e0000000)
  object space 155136K, 19% used [0x00000000a0000000,0x00000000a1da98d8,0x00000000a9780000)
 Metaspace       used 62526K, capacity 64770K, committed 64856K, reserved 1105920K
  class space    used 8272K, capacity 8804K, committed 8832K, reserved 1048576K
}
Event: 36.811 GC heap before
{Heap before GC invocations=18 (full 3):
 PSYoungGen      total 267264K, used 265767K [0x00000000e0000000, 0x00000000f2180000, 0x0000000100000000)
  eden space 249344K, 100% used [0x00000000e0000000,0x00000000ef380000,0x00000000ef380000)
  from space 17920K, 91% used [0x00000000f1000000,0x00000000f2009dd8,0x00000000f2180000)
  to   space 23552K, 0% used [0x00000000ef380000,0x00000000ef380000,0x00000000f0a80000)
 ParOldGen       total 155136K, used 30374K [0x00000000a0000000, 0x00000000a9780000, 0x00000000e0000000)
  object space 155136K, 19% used [0x00000000a0000000,0x00000000a1da98d8,0x00000000a9780000)
 Metaspace       used 67032K, capacity 69536K, committed 69720K, reserved 1110016K
  class space    used 8695K, capacity 9263K, committed 9344K, reserved 1048576K
Event: 36.842 GC heap after
Heap after GC invocations=18 (full 3):
 PSYoungGen      total 272896K, used 23538K [0x00000000e0000000, 0x00000000f8380000, 0x0000000100000000)
  eden space 249344K, 0% used [0x00000000e0000000,0x00000000e0000000,0x00000000ef380000)
  from space 23552K, 99% used [0x00000000ef380000,0x00000000f0a7cb98,0x00000000f0a80000)
  to   space 31232K, 0% used [0x00000000f6500000,0x00000000f6500000,0x00000000f8380000)
 ParOldGen       total 155136K, used 42993K [0x00000000a0000000, 0x00000000a9780000, 0x00000000e0000000)
  object space 155136K, 27% used [0x00000000a0000000,0x00000000a29fc6f0,0x00000000a9780000)
 Metaspace       used 67032K, capacity 69536K, committed 69720K, reserved 1110016K
  class space    used 8695K, capacity 9263K, committed 9344K, reserved 1048576K
}

