# JRE version: OpenJDK Runtime Environment (8.0_152-b01) (build 1.8.0_152-release-915-b01)
# Java VM: OpenJDK 64-Bit Server VM (25.152-b01 mixed mode windows-amd64 compressed oops)
Heap:
 PSYoungGen      total 239616K, used 208492K [0x00000000e0000000, 0x00000000f3180000, 0x0000000100000000)
  eden space 204288K, 84% used [0x00000000e0000000,0x00000000ea960aa8,0x00000000ec780000)
  from space 35328K, 99% used [0x00000000f0f00000,0x00000000f313a668,0x00000000f3180000)
  to   space 47616K, 0% used [0x00000000ed480000,0x00000000ed480000,0x00000000f0300000)
 ParOldGen       total 163328K, used 52097K [0x00000000a0000000, 0x00000000a9f80000, 0x00000000e0000000)
  object space 163328K, 31% used [0x00000000a0000000,0x00000000a32e0480,0x00000000a9f80000)
 Metaspace       used 92607K, capacity 97510K, committed 97664K, reserved 1134592K
  class space    used 11882K, capacity 13072K, committed 13184K, reserved 1048576K
GC Heap History (10 events):
Event: 82.095 GC heap before
{Heap before GC invocations=19 (full 3):
 PSYoungGen      total 186880K, used 171202K [0x00000000e0000000, 0x00000000ef100000, 0x0000000100000000)
  eden space 159744K, 100% used [0x00000000e0000000,0x00000000e9c00000,0x00000000e9c00000)
  from space 27136K, 42% used [0x00000000e9c00000,0x00000000ea730a20,0x00000000eb680000)
  to   space 25600K, 0% used [0x00000000ed800000,0x00000000ed800000,0x00000000ef100000)
 ParOldGen       total 163328K, used 48046K [0x00000000a0000000, 0x00000000a9f80000, 0x00000000e0000000)
  object space 163328K, 29% used [0x00000000a0000000,0x00000000a2eebbd8,0x00000000a9f80000)
 Metaspace       used 72207K, capacity 75434K, committed 75520K, reserved 1114112K
  class space    used 9556K, capacity 10410K, committed 10496K, reserved 1048576K
Event: 82.115 GC heap after
Heap after GC invocations=19 (full 3):
 PSYoungGen      total 217600K, used 25202K [0x00000000e0000000, 0x00000000ef780000, 0x0000000100000000)
  eden space 192000K, 0% used [0x00000000e0000000,0x00000000e0000000,0x00000000ebb80000)
  from space 25600K, 98% used [0x00000000ed800000,0x00000000ef09c8d0,0x00000000ef100000)
  to   space 29184K, 0% used [0x00000000ebb80000,0x00000000ebb80000,0x00000000ed800000)
 ParOldGen       total 163328K, used 48054K [0x00000000a0000000, 0x00000000a9f80000, 0x00000000e0000000)
  object space 163328K, 29% used [0x00000000a0000000,0x00000000a2eedbd8,0x00000000a9f80000)
 Metaspace       used 72207K, capacity 75434K, committed 75520K, reserved 1114112K
  class space    used 9556K, capacity 10410K, committed 10496K, reserved 1048576K
}
Event: 89.129 GC heap before
{Heap before GC invocations=20 (full 3):
 PSYoungGen      total 217600K, used 217202K [0x00000000e0000000, 0x00000000ef780000, 0x0000000100000000)
  eden space 192000K, 100% used [0x00000000e0000000,0x00000000ebb80000,0x00000000ebb80000)
  from space 25600K, 98% used [0x00000000ed800000,0x00000000ef09c8d0,0x00000000ef100000)
  to   space 29184K, 0% used [0x00000000ebb80000,0x00000000ebb80000,0x00000000ed800000)
 ParOldGen       total 163328K, used 48054K [0x00000000a0000000, 0x00000000a9f80000, 0x00000000e0000000)
  object space 163328K, 29% used [0x00000000a0000000,0x00000000a2eedbd8,0x00000000a9f80000)
 Metaspace       used 79240K, capacity 83256K, committed 83328K, reserved 1122304K
  class space    used 10364K, capacity 11333K, committed 11392K, reserved 1048576K
Event: 89.171 GC heap after
Heap after GC invocations=20 (full 3):
 PSYoungGen      total 221184K, used 29175K [0x00000000e0000000, 0x00000000f1580000, 0x0000000100000000)
  eden space 192000K, 0% used [0x00000000e0000000,0x00000000e0000000,0x00000000ebb80000)
  from space 29184K, 99% used [0x00000000ebb80000,0x00000000ed7fdd30,0x00000000ed800000)
  to   space 33280K, 0% used [0x00000000ef500000,0x00000000ef500000,0x00000000f1580000)
 ParOldGen       total 163328K, used 48062K [0x00000000a0000000, 0x00000000a9f80000, 0x00000000e0000000)
  object space 163328K, 29% used [0x00000000a0000000,0x00000000a2eefbd8,0x00000000a9f80000)
 Metaspace       used 79240K, capacity 83256K, committed 83328K, reserved 1122304K
  class space    used 10364K, capacity 11333K, committed 11392K, reserved 1048576K
}
Event: 96.185 GC heap before
{Heap before GC invocations=21 (full 3):
 PSYoungGen      total 221184K, used 221175K [0x00000000e0000000, 0x00000000f1580000, 0x0000000100000000)
  eden space 192000K, 100% used [0x00000000e0000000,0x00000000ebb80000,0x00000000ebb80000)
  from space 29184K, 99% used [0x00000000ebb80000,0x00000000ed7fdd30,0x00000000ed800000)
  to   space 33280K, 0% used [0x00000000ef500000,0x00000000ef500000,0x00000000f1580000)
 ParOldGen       total 163328K, used 48062K [0x00000000a0000000, 0x00000000a9f80000, 0x00000000e0000000)
  object space 163328K, 29% used [0x00000000a0000000,0x00000000a2eefbd8,0x00000000a9f80000)
 Metaspace       used 84108K, capacity 88390K, committed 88576K, reserved 1126400K
  class space    used 10899K, capacity 11936K, committed 12032K, reserved 1048576K
Event: 96.219 GC heap after
Heap after GC invocations=21 (full 3):
 PSYoungGen      total 244224K, used 33263K [0x00000000e0000000, 0x00000000f1f80000, 0x0000000100000000)
  eden space 210944K, 0% used [0x00000000e0000000,0x00000000e0000000,0x00000000ece00000)
  from space 33280K, 99% used [0x00000000ef500000,0x00000000f157bf30,0x00000000f1580000)
  to   space 39936K, 0% used [0x00000000ece00000,0x00000000ece00000,0x00000000ef500000)
 ParOldGen       total 163328K, used 52081K [0x00000000a0000000, 0x00000000a9f80000, 0x00000000e0000000)
  object space 163328K, 31% used [0x00000000a0000000,0x00000000a32dc480,0x00000000a9f80000)
 Metaspace       used 84108K, capacity 88390K, committed 88576K, reserved 1126400K
  class space    used 10899K, capacity 11936K, committed 12032K, reserved 1048576K
}
Event: 106.485 GC heap before
{Heap before GC invocations=22 (full 3):
 PSYoungGen      total 244224K, used 244207K [0x00000000e0000000, 0x00000000f1f80000, 0x0000000100000000)
  eden space 210944K, 100% used [0x00000000e0000000,0x00000000ece00000,0x00000000ece00000)
  from space 33280K, 99% used [0x00000000ef500000,0x00000000f157bf30,0x00000000f1580000)
  to   space 39936K, 0% used [0x00000000ece00000,0x00000000ece00000,0x00000000ef500000)
 ParOldGen       total 163328K, used 52081K [0x00000000a0000000, 0x00000000a9f80000, 0x00000000e0000000)
  object space 163328K, 31% used [0x00000000a0000000,0x00000000a32dc480,0x00000000a9f80000)
 Metaspace       used 85670K, capacity 90036K, committed 90240K, reserved 1128448K
  class space    used 11100K, capacity 12139K, committed 12160K, reserved 1048576K
Event: 106.521 GC heap after
Heap after GC invocations=22 (full 3):
 PSYoungGen      total 250880K, used 34803K [0x00000000e0000000, 0x00000000f3a80000, 0x0000000100000000)
  eden space 210944K, 0% used [0x00000000e0000000,0x00000000e0000000,0x00000000ece00000)
  from space 39936K, 87% used [0x00000000ece00000,0x00000000eeffcc60,0x00000000ef500000)
  to   space 44544K, 0% used [0x00000000f0f00000,0x00000000f0f00000,0x00000000f3a80000)
 ParOldGen       total 163328K, used 52089K [0x00000000a0000000, 0x00000000a9f80000, 0x00000000e0000000)
  object space 163328K, 31% used [0x00000000a0000000,0x00000000a32de480,0x00000000a9f80000)
 Metaspace       used 85670K, capacity 90036K, committed 90240K, reserved 1128448K
  class space    used 11100K, capacity 12139K, committed 12160K, reserved 1048576K
}
Event: 3572.866 GC heap before
{Heap before GC invocations=23 (full 3):
 PSYoungGen      total 250880K, used 245747K [0x00000000e0000000, 0x00000000f3a80000, 0x0000000100000000)
  eden space 210944K, 100% used [0x00000000e0000000,0x00000000ece00000,0x00000000ece00000)
  from space 39936K, 87% used [0x00000000ece00000,0x00000000eeffcc60,0x00000000ef500000)
  to   space 44544K, 0% used [0x00000000f0f00000,0x00000000f0f00000,0x00000000f3a80000)
 ParOldGen       total 163328K, used 52089K [0x00000000a0000000, 0x00000000a9f80000, 0x00000000e0000000)
  object space 163328K, 31% used [0x00000000a0000000,0x00000000a32de480,0x00000000a9f80000)
 Metaspace       used 86603K, capacity 91288K, committed 91520K, reserved 1128448K
  class space    used 11199K, capacity 12361K, committed 12416K, reserved 1048576K
Event: 3572.965 GC heap after
Heap after GC invocations=23 (full 3):
 PSYoungGen      total 239616K, used 35049K [0x00000000e0000000, 0x00000000f3180000, 0x0000000100000000)
  eden space 204288K, 0% used [0x00000000e0000000,0x00000000e0000000,0x00000000ec780000)
  from space 35328K, 99% used [0x00000000f0f00000,0x00000000f313a668,0x00000000f3180000)
  to   space 47616K, 0% used [0x00000000ed480000,0x00000000ed480000,0x00000000f0300000)
 ParOldGen       total 163328K, used 52097K [0x00000000a0000000, 0x00000000a9f80000, 0x00000000e0000000)
  object space 163328K, 31% used [0x00000000a0000000,0x00000000a32e0480,0x00000000a9f80000)
 Metaspace       used 86603K, capacity 91288K, committed 91520K, reserved 1128448K
  class space    used 11199K, capacity 12361K, committed 12416K, reserved 1048576K
}

