# JRE version: OpenJDK Runtime Environment (8.0_152-b01) (build 1.8.0_152-release-915-b01)
# Java VM: OpenJDK 64-Bit Server VM (25.152-b01 mixed mode windows-amd64 compressed oops)
Heap:
 PSYoungGen      total 111104K, used 22832K [0x00000000e0000000, 0x00000000eaa80000, 0x0000000100000000)
  eden space 100352K, 22% used [0x00000000e0000000,0x00000000e164c100,0x00000000e6200000)
  from space 10752K, 0% used [0x00000000e6200000,0x00000000e6200000,0x00000000e6c80000)
  to   space 11776K, 0% used [0x00000000e9f00000,0x00000000e9f00000,0x00000000eaa80000)
 ParOldGen       total 97280K, used 15728K [0x00000000a0000000, 0x00000000a5f00000, 0x00000000e0000000)
  object space 97280K, 16% used [0x00000000a0000000,0x00000000a0f5c1b0,0x00000000a5f00000)
 Metaspace       used 37159K, capacity 37914K, committed 38360K, reserved 1083392K
  class space    used 5009K, capacity 5263K, committed 5376K, reserved 1048576K
GC Heap History (10 events):
Event: 2.741 GC heap before
{Heap before GC invocations=5 (full 1):
 PSYoungGen      total 71680K, used 5088K [0x00000000e0000000, 0x00000000e4b00000, 0x0000000100000000)
  eden space 66560K, 0% used [0x00000000e0000000,0x00000000e0000000,0x00000000e4100000)
  from space 5120K, 99% used [0x00000000e4600000,0x00000000e4af8030,0x00000000e4b00000)
  to   space 5120K, 0% used [0x00000000e4100000,0x00000000e4100000,0x00000000e4600000)
 ParOldGen       total 87552K, used 7804K [0x00000000a0000000, 0x00000000a5580000, 0x00000000e0000000)
  object space 87552K, 8% used [0x00000000a0000000,0x00000000a079f2f0,0x00000000a5580000)
 Metaspace       used 20632K, capacity 21130K, committed 21248K, reserved 1067008K
  class space    used 2854K, capacity 3038K, committed 3072K, reserved 1048576K
Event: 2.774 GC heap after
Heap after GC invocations=5 (full 1):
 PSYoungGen      total 71680K, used 0K [0x00000000e0000000, 0x00000000e4b00000, 0x0000000100000000)
  eden space 66560K, 0% used [0x00000000e0000000,0x00000000e0000000,0x00000000e4100000)
  from space 5120K, 0% used [0x00000000e4600000,0x00000000e4600000,0x00000000e4b00000)
  to   space 5120K, 0% used [0x00000000e4100000,0x00000000e4100000,0x00000000e4600000)
 ParOldGen       total 62464K, used 8547K [0x00000000a0000000, 0x00000000a3d00000, 0x00000000e0000000)
  object space 62464K, 13% used [0x00000000a0000000,0x00000000a0858d98,0x00000000a3d00000)
 Metaspace       used 20632K, capacity 21130K, committed 21248K, reserved 1067008K
  class space    used 2854K, capacity 3038K, committed 3072K, reserved 1048576K
}
Event: 3.775 GC heap before
{Heap before GC invocations=6 (full 1):
 PSYoungGen      total 71680K, used 66560K [0x00000000e0000000, 0x00000000e4b00000, 0x0000000100000000)
  eden space 66560K, 100% used [0x00000000e0000000,0x00000000e4100000,0x00000000e4100000)
  from space 5120K, 0% used [0x00000000e4600000,0x00000000e4600000,0x00000000e4b00000)
  to   space 5120K, 0% used [0x00000000e4100000,0x00000000e4100000,0x00000000e4600000)
 ParOldGen       total 62464K, used 8547K [0x00000000a0000000, 0x00000000a3d00000, 0x00000000e0000000)
  object space 62464K, 13% used [0x00000000a0000000,0x00000000a0858d98,0x00000000a3d00000)
 Metaspace       used 25880K, capacity 26370K, committed 26624K, reserved 1073152K
  class space    used 3543K, capacity 3730K, committed 3840K, reserved 1048576K
Event: 3.784 GC heap after
Heap after GC invocations=6 (full 1):
 PSYoungGen      total 71680K, used 5112K [0x00000000e0000000, 0x00000000e7700000, 0x0000000100000000)
  eden space 66560K, 0% used [0x00000000e0000000,0x00000000e0000000,0x00000000e4100000)
  from space 5120K, 99% used [0x00000000e4100000,0x00000000e45fe100,0x00000000e4600000)
  to   space 10240K, 0% used [0x00000000e6d00000,0x00000000e6d00000,0x00000000e7700000)
 ParOldGen       total 62464K, used 10921K [0x00000000a0000000, 0x00000000a3d00000, 0x00000000e0000000)
  object space 62464K, 17% used [0x00000000a0000000,0x00000000a0aaa470,0x00000000a3d00000)
 Metaspace       used 25880K, capacity 26370K, committed 26624K, reserved 1073152K
  class space    used 3543K, capacity 3730K, committed 3840K, reserved 1048576K
}
Event: 4.777 GC heap before
{Heap before GC invocations=7 (full 1):
 PSYoungGen      total 71680K, used 71672K [0x00000000e0000000, 0x00000000e7700000, 0x0000000100000000)
  eden space 66560K, 100% used [0x00000000e0000000,0x00000000e4100000,0x00000000e4100000)
  from space 5120K, 99% used [0x00000000e4100000,0x00000000e45fe100,0x00000000e4600000)
  to   space 10240K, 0% used [0x00000000e6d00000,0x00000000e6d00000,0x00000000e7700000)
 ParOldGen       total 62464K, used 10921K [0x00000000a0000000, 0x00000000a3d00000, 0x00000000e0000000)
  object space 62464K, 17% used [0x00000000a0000000,0x00000000a0aaa470,0x00000000a3d00000)
 Metaspace       used 30154K, capacity 30764K, committed 30976K, reserved 1075200K
  class space    used 4110K, capacity 4319K, committed 4352K, reserved 1048576K
Event: 4.788 GC heap after
Heap after GC invocations=7 (full 1):
 PSYoungGen      total 110592K, used 8583K [0x00000000e0000000, 0x00000000e7700000, 0x0000000100000000)
  eden space 100352K, 0% used [0x00000000e0000000,0x00000000e0000000,0x00000000e6200000)
  from space 10240K, 83% used [0x00000000e6d00000,0x00000000e7561c30,0x00000000e7700000)
  to   space 10752K, 0% used [0x00000000e6200000,0x00000000e6200000,0x00000000e6c80000)
 ParOldGen       total 62464K, used 10929K [0x00000000a0000000, 0x00000000a3d00000, 0x00000000e0000000)
  object space 62464K, 17% used [0x00000000a0000000,0x00000000a0aac470,0x00000000a3d00000)
 Metaspace       used 30154K, capacity 30764K, committed 30976K, reserved 1075200K
  class space    used 4110K, capacity 4319K, committed 4352K, reserved 1048576K
}
Event: 5.703 GC heap before
{Heap before GC invocations=8 (full 1):
 PSYoungGen      total 110592K, used 64373K [0x00000000e0000000, 0x00000000e7700000, 0x0000000100000000)
  eden space 100352K, 55% used [0x00000000e0000000,0x00000000e367b920,0x00000000e6200000)
  from space 10240K, 83% used [0x00000000e6d00000,0x00000000e7561c30,0x00000000e7700000)
  to   space 10752K, 0% used [0x00000000e6200000,0x00000000e6200000,0x00000000e6c80000)
 ParOldGen       total 62464K, used 10929K [0x00000000a0000000, 0x00000000a3d00000, 0x00000000e0000000)
  object space 62464K, 17% used [0x00000000a0000000,0x00000000a0aac470,0x00000000a3d00000)
 Metaspace       used 34483K, capacity 35222K, committed 35416K, reserved 1079296K
  class space    used 4680K, capacity 4961K, committed 4992K, reserved 1048576K
Event: 5.713 GC heap after
Heap after GC invocations=8 (full 1):
 PSYoungGen      total 111104K, used 9848K [0x00000000e0000000, 0x00000000eaa80000, 0x0000000100000000)
  eden space 100352K, 0% used [0x00000000e0000000,0x00000000e0000000,0x00000000e6200000)
  from space 10752K, 91% used [0x00000000e6200000,0x00000000e6b9e298,0x00000000e6c80000)
  to   space 11776K, 0% used [0x00000000e9f00000,0x00000000e9f00000,0x00000000eaa80000)
 ParOldGen       total 62464K, used 11001K [0x00000000a0000000, 0x00000000a3d00000, 0x00000000e0000000)
  object space 62464K, 17% used [0x00000000a0000000,0x00000000a0abe480,0x00000000a3d00000)
 Metaspace       used 34483K, capacity 35222K, committed 35416K, reserved 1079296K
  class space    used 4680K, capacity 4961K, committed 4992K, reserved 1048576K
}
Event: 5.713 GC heap before
{Heap before GC invocations=9 (full 2):
 PSYoungGen      total 111104K, used 9848K [0x00000000e0000000, 0x00000000eaa80000, 0x0000000100000000)
  eden space 100352K, 0% used [0x00000000e0000000,0x00000000e0000000,0x00000000e6200000)
  from space 10752K, 91% used [0x00000000e6200000,0x00000000e6b9e298,0x00000000e6c80000)
  to   space 11776K, 0% used [0x00000000e9f00000,0x00000000e9f00000,0x00000000eaa80000)
 ParOldGen       total 62464K, used 11001K [0x00000000a0000000, 0x00000000a3d00000, 0x00000000e0000000)
  object space 62464K, 17% used [0x00000000a0000000,0x00000000a0abe480,0x00000000a3d00000)
 Metaspace       used 34483K, capacity 35222K, committed 35416K, reserved 1079296K
  class space    used 4680K, capacity 4961K, committed 4992K, reserved 1048576K
Event: 5.772 GC heap after
Heap after GC invocations=9 (full 2):
 PSYoungGen      total 111104K, used 0K [0x00000000e0000000, 0x00000000eaa80000, 0x0000000100000000)
  eden space 100352K, 0% used [0x00000000e0000000,0x00000000e0000000,0x00000000e6200000)
  from space 10752K, 0% used [0x00000000e6200000,0x00000000e6200000,0x00000000e6c80000)
  to   space 11776K, 0% used [0x00000000e9f00000,0x00000000e9f00000,0x00000000eaa80000)
 ParOldGen       total 97280K, used 15728K [0x00000000a0000000, 0x00000000a5f00000, 0x00000000e0000000)
  object space 97280K, 16% used [0x00000000a0000000,0x00000000a0f5c1b0,0x00000000a5f00000)
 Metaspace       used 34483K, capacity 35222K, committed 35416K, reserved 1079296K
  class space    used 4680K, capacity 4961K, committed 4992K, reserved 1048576K
}

